<?xml version="1.0" encoding="UTF-8"?>
<!-- Generated by org.testng.reporters.JUnitReportReporter -->
<testsuite hostname="CVT-QA1" failures="0" tests="1" name="RunnableClass.TC_001" time="2.484" errors="0" timestamp="2024-12-04T16:54:57 IST" skipped="0">
  <testcase classname="RunnableClass.TC_001" name="LoginToTheApplication" time="2.484"/>
</testsuite> <!-- RunnableClass.TC_001 -->
