<?xml version="1.0" encoding="UTF-8"?>
<!-- Generated by org.testng.reporters.JUnitReportReporter -->
<testsuite hostname="Ranjith" failures="0" tests="2" name="RunnableClass.TC_001" time="16.740" errors="0" timestamp="2025-01-16T22:07:16 IST" skipped="0">
  <testcase classname="RunnableClass.TC_001" name="LoginToTheApplication" time="3.281"/>
  <testcase classname="RunnableClass.TC_001" name="AddNewWorkOrder" time="13.459"/>
</testsuite> <!-- RunnableClass.TC_001 -->
