<?xml version="1.0" encoding="UTF-8"?>
<!-- Generated by org.testng.reporters.JUnitReportReporter -->
<testsuite hostname="CVT-QA1" failures="0" tests="1" name="RunnableClass.TC_001" time="1.289" errors="0" timestamp="2024-12-11T17:41:20 IST" skipped="0">
  <testcase classname="RunnableClass.TC_001" name="StoreHoursVerification" time="1.289"/>
</testsuite> <!-- RunnableClass.TC_001 -->
